[debug] [2024-06-18T03:27:38.575Z] ----------------------------------------------------------------------
[debug] [2024-06-18T03:27:38.577Z] Command:       C:\Program Files\nodejs\node.exe C:\Users\Admin\AppData\Roaming\npm\node_modules\firebase-tools\lib\bin\firebase.js init functions
[debug] [2024-06-18T03:27:38.577Z] CLI Version:   13.11.2
[debug] [2024-06-18T03:27:38.577Z] Platform:      win32
[debug] [2024-06-18T03:27:38.577Z] Node Version:  v20.14.0
[debug] [2024-06-18T03:27:38.578Z] Time:          Mon Jun 17 2024 20:27:38 GMT-0700 (Pacific Daylight Time)
[debug] [2024-06-18T03:27:38.578Z] ----------------------------------------------------------------------
[debug] 
[debug] [2024-06-18T03:27:38.636Z] > command requires scopes: ["email","openid","https://www.googleapis.com/auth/cloudplatformprojects.readonly","https://www.googleapis.com/auth/firebase","https://www.googleapis.com/auth/cloud-platform"]
[debug] [2024-06-18T03:27:38.636Z] > authorizing via signed-in user (roshihealth@gmail.com)
[info] 
     ######## #### ########  ######## ########     ###     ######  ########
     ##        ##  ##     ## ##       ##     ##  ##   ##  ##       ##
     ######    ##  ########  ######   ########  #########  ######  ######
     ##        ##  ##    ##  ##       ##     ## ##     ##       ## ##
     ##       #### ##     ## ######## ########  ##     ##  ######  ########

You're about to initialize a Firebase project in this directory:

  C:\Users\Admin\Desktop\Projects\Coding Projects\roshi-health-backend

Before we get started, keep in mind:

  * You are initializing within an existing Firebase project directory

[info] 
=== Project Setup
[info] 
[info] First, let's associate this project directory with a Firebase project.
[info] You can create multiple project aliases by running firebase use --add, 
[info] but for now we'll just set up a default project.
[info] 
[debug] [2024-06-18T03:27:42.503Z] Using project from CLI flag: roshi-health
[debug] [2024-06-18T03:27:42.506Z] >>> [apiv2][query] GET https://firebase.googleapis.com/v1beta1/projects/roshi-health [none]
[debug] [2024-06-18T03:27:42.836Z] <<< [apiv2][status] GET https://firebase.googleapis.com/v1beta1/projects/roshi-health 200
[debug] [2024-06-18T03:27:42.836Z] <<< [apiv2][body] GET https://firebase.googleapis.com/v1beta1/projects/roshi-health {"projectId":"roshi-health","projectNumber":"600742210278","displayName":"roshi health","name":"projects/roshi-health","resources":{"hostingSite":"roshi-health"},"state":"ACTIVE","etag":"1_bdbd23b7-6206-4472-a969-6c5789b83702"}
[info] i  Using project roshi-health (roshi health) 
[info] 
=== Functions Setup
[debug] [2024-06-18T03:27:42.860Z] > command requires scopes: ["email","openid","https://www.googleapis.com/auth/cloudplatformprojects.readonly","https://www.googleapis.com/auth/firebase","https://www.googleapis.com/auth/cloud-platform"]
[debug] [2024-06-18T03:27:42.860Z] > authorizing via signed-in user (roshihealth@gmail.com)
[debug] [2024-06-18T03:27:42.860Z] [iam] checking project roshi-health for permissions ["firebase.projects.get"]
[debug] [2024-06-18T03:27:42.861Z] >>> [apiv2][query] POST https://cloudresourcemanager.googleapis.com/v1/projects/roshi-health:testIamPermissions [none]
[debug] [2024-06-18T03:27:42.861Z] >>> [apiv2][(partial)header] POST https://cloudresourcemanager.googleapis.com/v1/projects/roshi-health:testIamPermissions x-goog-quota-user=projects/roshi-health
[debug] [2024-06-18T03:27:42.861Z] >>> [apiv2][body] POST https://cloudresourcemanager.googleapis.com/v1/projects/roshi-health:testIamPermissions {"permissions":["firebase.projects.get"]}
[debug] [2024-06-18T03:27:43.219Z] <<< [apiv2][status] POST https://cloudresourcemanager.googleapis.com/v1/projects/roshi-health:testIamPermissions 200
[debug] [2024-06-18T03:27:43.220Z] <<< [apiv2][body] POST https://cloudresourcemanager.googleapis.com/v1/projects/roshi-health:testIamPermissions {"permissions":["firebase.projects.get"]}
[debug] [2024-06-18T03:27:43.221Z] >>> [apiv2][query] GET https://serviceusage.googleapis.com/v1/projects/roshi-health/services/cloudfunctions.googleapis.com [none]
[debug] [2024-06-18T03:27:43.221Z] >>> [apiv2][(partial)header] GET https://serviceusage.googleapis.com/v1/projects/roshi-health/services/cloudfunctions.googleapis.com x-goog-quota-user=projects/roshi-health
[debug] [2024-06-18T03:27:43.224Z] >>> [apiv2][query] GET https://serviceusage.googleapis.com/v1/projects/roshi-health/services/runtimeconfig.googleapis.com [none]
[debug] [2024-06-18T03:27:43.224Z] >>> [apiv2][(partial)header] GET https://serviceusage.googleapis.com/v1/projects/roshi-health/services/runtimeconfig.googleapis.com x-goog-quota-user=projects/roshi-health
[debug] [2024-06-18T03:27:43.776Z] <<< [apiv2][status] GET https://serviceusage.googleapis.com/v1/projects/roshi-health/services/runtimeconfig.googleapis.com 200
[debug] [2024-06-18T03:27:43.776Z] <<< [apiv2][body] GET https://serviceusage.googleapis.com/v1/projects/roshi-health/services/runtimeconfig.googleapis.com [omitted]
[debug] [2024-06-18T03:27:43.782Z] <<< [apiv2][status] GET https://serviceusage.googleapis.com/v1/projects/roshi-health/services/cloudfunctions.googleapis.com 200
[debug] [2024-06-18T03:27:43.782Z] <<< [apiv2][body] GET https://serviceusage.googleapis.com/v1/projects/roshi-health/services/cloudfunctions.googleapis.com [omitted]
[info] 
Detected existing codebase(s): default

[info] Let's create a new codebase for your functions.
[info] A directory corresponding to the codebase will be created in your project
[info] with sample code pre-configured.

[info] See https://firebase.google.com/docs/functions/organize-functions for
[info] more information on organizing your functions using codebases.

[info] Functions can be deployed with firebase deploy.

[debug] [2024-06-18T03:28:56.400Z] ----------------------------------------------------------------------
[debug] [2024-06-18T03:28:56.402Z] Command:       C:\Program Files\nodejs\node.exe C:\Users\Admin\AppData\Roaming\npm\node_modules\firebase-tools\lib\bin\firebase.js deploy --only functions
[debug] [2024-06-18T03:28:56.403Z] CLI Version:   13.11.2
[debug] [2024-06-18T03:28:56.403Z] Platform:      win32
[debug] [2024-06-18T03:28:56.403Z] Node Version:  v20.14.0
[debug] [2024-06-18T03:28:56.403Z] Time:          Mon Jun 17 2024 20:28:56 GMT-0700 (Pacific Daylight Time)
[debug] [2024-06-18T03:28:56.403Z] ----------------------------------------------------------------------
[debug] 
[debug] [2024-06-18T03:28:56.460Z] > command requires scopes: ["email","openid","https://www.googleapis.com/auth/cloudplatformprojects.readonly","https://www.googleapis.com/auth/firebase","https://www.googleapis.com/auth/cloud-platform"]
[debug] [2024-06-18T03:28:56.463Z] > authorizing via signed-in user (roshihealth@gmail.com)
[debug] [2024-06-18T03:28:56.463Z] [iam] checking project roshi-health for permissions ["cloudfunctions.functions.create","cloudfunctions.functions.delete","cloudfunctions.functions.get","cloudfunctions.functions.list","cloudfunctions.functions.update","cloudfunctions.operations.get","firebase.projects.get"]
[debug] [2024-06-18T03:28:56.465Z] >>> [apiv2][query] POST https://cloudresourcemanager.googleapis.com/v1/projects/roshi-health:testIamPermissions [none]
[debug] [2024-06-18T03:28:56.465Z] >>> [apiv2][(partial)header] POST https://cloudresourcemanager.googleapis.com/v1/projects/roshi-health:testIamPermissions x-goog-quota-user=projects/roshi-health
[debug] [2024-06-18T03:28:56.465Z] >>> [apiv2][body] POST https://cloudresourcemanager.googleapis.com/v1/projects/roshi-health:testIamPermissions {"permissions":["cloudfunctions.functions.create","cloudfunctions.functions.delete","cloudfunctions.functions.get","cloudfunctions.functions.list","cloudfunctions.functions.update","cloudfunctions.operations.get","firebase.projects.get"]}
[debug] [2024-06-18T03:28:56.668Z] <<< [apiv2][status] POST https://cloudresourcemanager.googleapis.com/v1/projects/roshi-health:testIamPermissions 200
[debug] [2024-06-18T03:28:56.668Z] <<< [apiv2][body] POST https://cloudresourcemanager.googleapis.com/v1/projects/roshi-health:testIamPermissions {"permissions":["cloudfunctions.functions.create","cloudfunctions.functions.delete","cloudfunctions.functions.get","cloudfunctions.functions.list","cloudfunctions.functions.update","cloudfunctions.operations.get","firebase.projects.get"]}
[debug] [2024-06-18T03:28:56.669Z] >>> [apiv2][query] POST https://iam.googleapis.com/v1/projects/roshi-health/serviceAccounts/roshi-health@appspot.gserviceaccount.com:testIamPermissions [none]
[debug] [2024-06-18T03:28:56.669Z] >>> [apiv2][body] POST https://iam.googleapis.com/v1/projects/roshi-health/serviceAccounts/roshi-health@appspot.gserviceaccount.com:testIamPermissions {"permissions":["iam.serviceAccounts.actAs"]}
[debug] [2024-06-18T03:28:57.086Z] <<< [apiv2][status] POST https://iam.googleapis.com/v1/projects/roshi-health/serviceAccounts/roshi-health@appspot.gserviceaccount.com:testIamPermissions 200
[debug] [2024-06-18T03:28:57.087Z] <<< [apiv2][body] POST https://iam.googleapis.com/v1/projects/roshi-health/serviceAccounts/roshi-health@appspot.gserviceaccount.com:testIamPermissions {"permissions":["iam.serviceAccounts.actAs"]}
[info] 
[info] === Deploying to 'roshi-health'...
[info] 
[info] i  deploying functions 
[debug] [2024-06-18T03:28:57.089Z] >>> [apiv2][query] GET https://firebase.googleapis.com/v1beta1/projects/roshi-health [none]
[debug] [2024-06-18T03:28:57.368Z] <<< [apiv2][status] GET https://firebase.googleapis.com/v1beta1/projects/roshi-health 200
[debug] [2024-06-18T03:28:57.368Z] <<< [apiv2][body] GET https://firebase.googleapis.com/v1beta1/projects/roshi-health {"projectId":"roshi-health","projectNumber":"600742210278","displayName":"roshi health","name":"projects/roshi-health","resources":{"hostingSite":"roshi-health"},"state":"ACTIVE","etag":"1_bdbd23b7-6206-4472-a969-6c5789b83702"}
[info] i  functions: preparing codebase default for deployment 
[info] i  functions: ensuring required API cloudfunctions.googleapis.com is enabled... 
[info] i  functions: ensuring required API cloudbuild.googleapis.com is enabled... 
[info] i  artifactregistry: ensuring required API artifactregistry.googleapis.com is enabled... 
[debug] [2024-06-18T03:28:57.370Z] >>> [apiv2][query] GET https://serviceusage.googleapis.com/v1/projects/roshi-health/services/cloudfunctions.googleapis.com [none]
[debug] [2024-06-18T03:28:57.370Z] >>> [apiv2][(partial)header] GET https://serviceusage.googleapis.com/v1/projects/roshi-health/services/cloudfunctions.googleapis.com x-goog-quota-user=projects/roshi-health
[debug] [2024-06-18T03:28:57.371Z] >>> [apiv2][query] GET https://serviceusage.googleapis.com/v1/projects/roshi-health/services/runtimeconfig.googleapis.com [none]
[debug] [2024-06-18T03:28:57.371Z] >>> [apiv2][(partial)header] GET https://serviceusage.googleapis.com/v1/projects/roshi-health/services/runtimeconfig.googleapis.com x-goog-quota-user=projects/roshi-health
[debug] [2024-06-18T03:28:57.371Z] >>> [apiv2][query] GET https://serviceusage.googleapis.com/v1/projects/roshi-health/services/cloudbuild.googleapis.com [none]
[debug] [2024-06-18T03:28:57.371Z] >>> [apiv2][(partial)header] GET https://serviceusage.googleapis.com/v1/projects/roshi-health/services/cloudbuild.googleapis.com x-goog-quota-user=projects/roshi-health
[debug] [2024-06-18T03:28:57.372Z] >>> [apiv2][query] GET https://serviceusage.googleapis.com/v1/projects/roshi-health/services/artifactregistry.googleapis.com [none]
[debug] [2024-06-18T03:28:57.372Z] >>> [apiv2][(partial)header] GET https://serviceusage.googleapis.com/v1/projects/roshi-health/services/artifactregistry.googleapis.com x-goog-quota-user=projects/roshi-health
[debug] [2024-06-18T03:28:57.822Z] <<< [apiv2][status] GET https://serviceusage.googleapis.com/v1/projects/roshi-health/services/runtimeconfig.googleapis.com 200
[debug] [2024-06-18T03:28:57.823Z] <<< [apiv2][body] GET https://serviceusage.googleapis.com/v1/projects/roshi-health/services/runtimeconfig.googleapis.com [omitted]
[debug] [2024-06-18T03:28:57.825Z] <<< [apiv2][status] GET https://serviceusage.googleapis.com/v1/projects/roshi-health/services/cloudfunctions.googleapis.com 200
[debug] [2024-06-18T03:28:57.825Z] <<< [apiv2][body] GET https://serviceusage.googleapis.com/v1/projects/roshi-health/services/cloudfunctions.googleapis.com [omitted]
[info] +  functions: required API cloudfunctions.googleapis.com is enabled 
[debug] [2024-06-18T03:28:57.830Z] <<< [apiv2][status] GET https://serviceusage.googleapis.com/v1/projects/roshi-health/services/artifactregistry.googleapis.com 200
[debug] [2024-06-18T03:28:57.830Z] <<< [apiv2][body] GET https://serviceusage.googleapis.com/v1/projects/roshi-health/services/artifactregistry.googleapis.com [omitted]
[info] +  artifactregistry: required API artifactregistry.googleapis.com is enabled 
[debug] [2024-06-18T03:28:57.850Z] <<< [apiv2][status] GET https://serviceusage.googleapis.com/v1/projects/roshi-health/services/cloudbuild.googleapis.com 200
[debug] [2024-06-18T03:28:57.851Z] <<< [apiv2][body] GET https://serviceusage.googleapis.com/v1/projects/roshi-health/services/cloudbuild.googleapis.com [omitted]
[info] +  functions: required API cloudbuild.googleapis.com is enabled 
[debug] [2024-06-18T03:28:57.851Z] >>> [apiv2][query] GET https://firebase.googleapis.com/v1beta1/projects/roshi-health/adminSdkConfig [none]
[debug] [2024-06-18T03:28:58.027Z] <<< [apiv2][status] GET https://firebase.googleapis.com/v1beta1/projects/roshi-health/adminSdkConfig 200
[debug] [2024-06-18T03:28:58.027Z] <<< [apiv2][body] GET https://firebase.googleapis.com/v1beta1/projects/roshi-health/adminSdkConfig {"projectId":"roshi-health","storageBucket":"roshi-health.appspot.com"}
[debug] [2024-06-18T03:28:58.027Z] >>> [apiv2][query] GET https://runtimeconfig.googleapis.com/v1beta1/projects/roshi-health/configs [none]
[debug] [2024-06-18T03:28:58.344Z] <<< [apiv2][status] GET https://runtimeconfig.googleapis.com/v1beta1/projects/roshi-health/configs 200
[debug] [2024-06-18T03:28:58.344Z] <<< [apiv2][body] GET https://runtimeconfig.googleapis.com/v1beta1/projects/roshi-health/configs {}
[debug] [2024-06-18T03:28:58.348Z] Validating nodejs source
[debug] [2024-06-18T03:28:59.371Z] > [functions] package.json contents: {
  "name": "roshi-healthcare-backend",
  "version": "0.1.0",
  "private": true,
  "engines": {
    "node": "18"
  },
  "dependencies": {
    "axios": "^1.7.2",
    "cors": "^2.8.5",
    "dotenv": "^16.4.5",
    "express": "^4.19.2",
    "firebase": "^10.12.2",
    "firebase-admin": "^12.1.1",
    "firebase-functions": "^5.0.1"
  },
  "devDependencies": {
    "nodemon": "^2.0.22"
  },
  "scripts": {
    "start": "node functions/index.js",
    "dev": "nodemon functions/index.js",
    "deploy": "firebase deploy --only functions"
  }
}
[debug] [2024-06-18T03:28:59.371Z] Building nodejs source
[info] i  functions: Loading and analyzing source code for codebase default to determine what to deploy 
[debug] [2024-06-18T03:28:59.372Z] Could not find functions.yaml. Must use http discovery
[debug] [2024-06-18T03:28:59.382Z] Found firebase-functions binary at 'C:\Users\Admin\Desktop\Projects\Coding Projects\roshi-health-backend\functions\node_modules\.bin\firebase-functions'
[info] Serving at port 8132

[error] node:events:497
      throw er; // Unhandled 'error' event
      ^

Error: listen EADDRINUSE: address already in use :::8132
    at Server.setupListenHandle [as _listen2] (node:net:1898:16)
    at listenInCluster (node:net:1946:12)
    at Server.listen (node:net:2044:7)
    at Function.listen (C:\Users\Admin\Desktop\Projects\Coding Projects\roshi-health-backend\functions\node_modules\express\lib\application.js:635:24)
    at Object.<anonymous> (C:\Users\Admin\Desktop\Projects\Coding Projects\roshi-health-backend\functions\index.js:109:7)
    at Module._compile (node:internal/modules/cjs/loader:1358:14)
    at Module._extensions..js (node:internal/modules/cjs/loader:1416:10)
    at Module.load (node:internal/modules/cjs/loader:1208:32)
    at Module._load (node:internal/modules/cjs/loader:1024:12)
    at Module.require (node:internal/modules/cjs/loader:1233:19)
Emitted 'error' event on Server instance at:
    at emitErrorNT (node:net:1925:8)
    at process.processTicksAndRejections (node:internal/process/task_queues:82:21) {
  code: 'EADDRINUSE',
  errno: -4091,
  syscall: 'listen',
  address: '::',
  port: 8132
}

Node.js v20.14.0

[debug] [2024-06-18T03:28:59.896Z] Failed to call quitquitquit. This often means the server failed to start request to http://localhost:8132/__/quitquitquit failed, reason:  {"message":"request to http://localhost:8132/__/quitquitquit failed, reason: ","type":"system","errno":"ECONNREFUSED","code":"ECONNREFUSED"}
[debug] [2024-06-18T03:29:00.027Z] FetchError: request to http://127.0.0.1:8132/__/functions.yaml failed, reason: read ECONNRESET
    at ClientRequest.<anonymous> (C:\Users\Admin\AppData\Roaming\npm\node_modules\firebase-tools\node_modules\node-fetch\lib\index.js:1501:11)
    at ClientRequest.emit (node:events:519:28)
    at ClientRequest.emit (node:domain:488:12)
    at Socket.socketErrorListener (node:_http_client:500:9)
    at Socket.emit (node:events:519:28)
    at Socket.emit (node:domain:488:12)
    at emitErrorNT (node:internal/streams/destroy:169:8)
    at emitErrorCloseNT (node:internal/streams/destroy:128:3)
    at process.processTicksAndRejections (node:internal/process/task_queues:82:21)
[error] 
[error] Error: An unexpected error has occurred.
